<?xml version="1.0" encoding="UTF-8"?>
<testng-results ignored="0" total="1" passed="1" failed="0" skipped="0">
  <reporter-output>
  </reporter-output>
  <suite started-at="2021-11-27T04:45:46Z" name="Suite" finished-at="2021-11-27T04:45:58Z" duration-ms="12009">
    <groups>
    </groups>
    <test started-at="2021-11-27T04:45:46Z" name="Test" finished-at="2021-11-27T04:45:58Z" duration-ms="12009">
      <class name="com.simplilearn.jenkinsDemo.LoginTest">
        <test-method signature="test1()[pri:0, instance:com.simplilearn.jenkinsDemo.LoginTest@5e600dd5]" started-at="2021-11-27T04:45:46Z" name="test1" finished-at="2021-11-27T04:45:58Z" duration-ms="11996" status="PASS">
          <reporter-output>
          </reporter-output>
        </test-method> <!-- test1 -->
      </class> <!-- com.simplilearn.jenkinsDemo.LoginTest -->
    </test> <!-- Test -->
  </suite> <!-- Suite -->
</testng-results>
