<?xml version="1.0" encoding="UTF-8"?>
<testng-results ignored="0" total="2" passed="2" failed="0" skipped="0">
  <reporter-output>
  </reporter-output>
  <suite started-at="2021-11-28T07:14:39Z" name="Suite" finished-at="2021-11-28T07:15:10Z" duration-ms="31033">
    <groups>
    </groups>
    <test started-at="2021-11-28T07:14:39Z" name="Test" finished-at="2021-11-28T07:15:10Z" duration-ms="31033">
      <class name="com.simplilearn.gridTest.gridTestHUB">
        <test-method signature="test2()[pri:0, instance:com.simplilearn.gridTest.gridTestHUB@421e361]" started-at="2021-11-28T07:14:39Z" name="test2" finished-at="2021-11-28T07:15:10Z" duration-ms="31015" status="PASS">
          <reporter-output>
          </reporter-output>
        </test-method> <!-- test2 -->
        <test-method signature="test1()[pri:0, instance:com.simplilearn.gridTest.gridTestHUB@421e361]" started-at="2021-11-28T07:14:39Z" name="test1" finished-at="2021-11-28T07:14:47Z" duration-ms="8391" status="PASS">
          <reporter-output>
          </reporter-output>
        </test-method> <!-- test1 -->
      </class> <!-- com.simplilearn.gridTest.gridTestHUB -->
    </test> <!-- Test -->
  </suite> <!-- Suite -->
</testng-results>
