<?xml version="1.0" encoding="UTF-8"?>
<testng-results ignored="0" total="1" passed="1" failed="0" skipped="0">
  <reporter-output>
  </reporter-output>
  <suite started-at="2021-11-27T06:27:47Z" name="Suite" finished-at="2021-11-27T06:27:58Z" duration-ms="10628">
    <groups>
    </groups>
    <test started-at="2021-11-27T06:27:47Z" name="Test" finished-at="2021-11-27T06:27:58Z" duration-ms="10628">
      <class name="com.simplilearn.jenkinsDemo.LoginTest">
        <test-method signature="test1()[pri:0, instance:com.simplilearn.jenkinsDemo.LoginTest@2b9ed6da]" started-at="2021-11-27T06:27:47Z" name="test1" finished-at="2021-11-27T06:27:58Z" duration-ms="10612" status="PASS">
          <reporter-output>
          </reporter-output>
        </test-method> <!-- test1 -->
      </class> <!-- com.simplilearn.jenkinsDemo.LoginTest -->
    </test> <!-- Test -->
  </suite> <!-- Suite -->
</testng-results>
